Progress Logs
-------------
Sensors With Data in Time Range: 10
Sensors Without Data in Time Range: 0

Sensors Not Found: 0
Invalid Sensor Indexes: 0
Sensor Indexes Encountering Other Errors: 0
Sensor Indexes Not Processed: 0

Start Timestamp: 2023-04-01T00:00:00-06:00
End Timestamp: 2024-10-30T00:00:00-06:00
Average: 0
Fields: humidity,temperature,pressure,voc,pm1.0_atm,pm2.5_atm,pm10.0_atm
Total Data Rows Downloaded: 887794

Number of Sensors: 10
Number of Read Keys: undefined

Download Started at: 2024-10-30T13:59:41-06:00
Download Ended   at: 2024-10-30T14:10:43-06:00
Download Took: 11.0 minutes

-------------
Sensor Indexes Not Found:


Invalid Sensor Indexes:


Sensors Without Any Data For Specified Time Period:


Sensors Where No Download Was Attempted Yet Due to Process Being Aborted:


Aborted on Sensors:


Sensors With Number of Downloaded Data Rows:
209523 : 6 data rows
209529 : 65573 data rows
210523 : 63639 data rows
210525 : 68467 data rows
210535 : 38579 data rows
210537 : 103929 data rows
210539 : 113516 data rows
210549 : 148029 data rows
210551 : 141772 data rows
210571 : 144284 data rows
  

-------------
Starting requests for sensor 210525.
Making request 1 from 2023-04-01 to 2023-05-01
Making request 2 from 2023-05-01 to 2023-05-31
Making request 3 from 2023-05-31 to 2023-06-30
Making request 4 from 2023-06-30 to 2023-07-30
Making request 5 from 2023-07-30 to 2023-08-29
Making request 6 from 2023-08-29 to 2023-09-28
Making request 7 from 2023-09-28 to 2023-10-28
Making request 8 from 2023-10-28 to 2023-11-26
Making request 9 from 2023-11-26 to 2023-12-26
Making request 10 from 2023-12-26 to 2024-01-25
Making request 11 from 2024-01-25 to 2024-02-24
Making request 12 from 2024-02-24 to 2024-03-26
Making request 13 from 2024-03-26 to 2024-04-25
Making request 14 from 2024-04-25 to 2024-05-25
Making request 15 from 2024-05-25 to 2024-06-24
Making request 16 from 2024-06-24 to 2024-07-24
Making request 17 from 2024-07-24 to 2024-08-23
Making request 18 from 2024-08-23 to 2024-09-22
Making request 19 from 2024-09-22 to 2024-10-22
Making request 20 from 2024-10-22 to 2024-10-30
Data download completed for sensor 210525. Downloaded 68467 rows of data.

Starting requests for sensor 210523.
Making request 21 from 2023-04-01 to 2023-05-01
Making request 22 from 2023-05-01 to 2023-05-31
Making request 23 from 2023-05-31 to 2023-06-30
Making request 24 from 2023-06-30 to 2023-07-30
Making request 25 from 2023-07-30 to 2023-08-29
Making request 26 from 2023-08-29 to 2023-09-28
Making request 27 from 2023-09-28 to 2023-10-28
Making request 28 from 2023-10-28 to 2023-11-26
Making request 29 from 2023-11-26 to 2023-12-26
Making request 30 from 2023-12-26 to 2024-01-25
Making request 31 from 2024-01-25 to 2024-02-24
Making request 32 from 2024-02-24 to 2024-03-26
Making request 33 from 2024-03-26 to 2024-04-25
Making request 34 from 2024-04-25 to 2024-05-25
Making request 35 from 2024-05-25 to 2024-06-24
Making request 36 from 2024-06-24 to 2024-07-24
Making request 37 from 2024-07-24 to 2024-08-23
Making request 38 from 2024-08-23 to 2024-09-22
Making request 39 from 2024-09-22 to 2024-10-22
Making request 40 from 2024-10-22 to 2024-10-30
Data download completed for sensor 210523. Downloaded 63639 rows of data.

Starting requests for sensor 209523.
Making request 41 from 2023-04-01 to 2023-05-01
Making request 42 from 2023-05-01 to 2023-05-31
Making request 43 from 2023-05-31 to 2023-06-30
Making request 44 from 2023-06-30 to 2023-07-30
Making request 45 from 2023-07-30 to 2023-08-29
Making request 46 from 2023-08-29 to 2023-09-28
Making request 47 from 2023-09-28 to 2023-10-28
Making request 48 from 2023-10-28 to 2023-11-26
Making request 49 from 2023-11-26 to 2023-12-26
Making request 50 from 2023-12-26 to 2024-01-25
Making request 51 from 2024-01-25 to 2024-02-24
Making request 52 from 2024-02-24 to 2024-03-26
Making request 53 from 2024-03-26 to 2024-04-25
Making request 54 from 2024-04-25 to 2024-05-25
Making request 55 from 2024-05-25 to 2024-06-24
Making request 56 from 2024-06-24 to 2024-07-24
Making request 57 from 2024-07-24 to 2024-08-23
Making request 58 from 2024-08-23 to 2024-09-22
Making request 59 from 2024-09-22 to 2024-10-22
Making request 60 from 2024-10-22 to 2024-10-30
Data download completed for sensor 209523. Downloaded 6 rows of data.

Starting requests for sensor 209529.
Making request 61 from 2023-04-01 to 2023-05-01
Making request 62 from 2023-05-01 to 2023-05-31
Making request 63 from 2023-05-31 to 2023-06-30
Making request 64 from 2023-06-30 to 2023-07-30
Making request 65 from 2023-07-30 to 2023-08-29
Making request 66 from 2023-08-29 to 2023-09-28
Making request 67 from 2023-09-28 to 2023-10-28
Making request 68 from 2023-10-28 to 2023-11-26
Making request 69 from 2023-11-26 to 2023-12-26
Making request 70 from 2023-12-26 to 2024-01-25
Making request 71 from 2024-01-25 to 2024-02-24
Making request 72 from 2024-02-24 to 2024-03-26
Making request 73 from 2024-03-26 to 2024-04-25
Making request 74 from 2024-04-25 to 2024-05-25
Making request 75 from 2024-05-25 to 2024-06-24
Making request 76 from 2024-06-24 to 2024-07-24
Making request 77 from 2024-07-24 to 2024-08-23
Making request 78 from 2024-08-23 to 2024-09-22
Making request 79 from 2024-09-22 to 2024-10-22
Making request 80 from 2024-10-22 to 2024-10-30
Data download completed for sensor 209529. Downloaded 65573 rows of data.

Starting requests for sensor 210537.
Making request 81 from 2023-04-01 to 2023-05-01
Making request 82 from 2023-05-01 to 2023-05-31
Making request 83 from 2023-05-31 to 2023-06-30
Making request 84 from 2023-06-30 to 2023-07-30
Making request 85 from 2023-07-30 to 2023-08-29
Making request 86 from 2023-08-29 to 2023-09-28
Making request 87 from 2023-09-28 to 2023-10-28
Making request 88 from 2023-10-28 to 2023-11-26
Making request 89 from 2023-11-26 to 2023-12-26
Making request 90 from 2023-12-26 to 2024-01-25
Making request 91 from 2024-01-25 to 2024-02-24
Making request 92 from 2024-02-24 to 2024-03-26
Making request 93 from 2024-03-26 to 2024-04-25
Making request 94 from 2024-04-25 to 2024-05-25
Making request 95 from 2024-05-25 to 2024-06-24
Making request 96 from 2024-06-24 to 2024-07-24
Making request 97 from 2024-07-24 to 2024-08-23
Making request 98 from 2024-08-23 to 2024-09-22
Making request 99 from 2024-09-22 to 2024-10-22
Making request 100 from 2024-10-22 to 2024-10-30
Data download completed for sensor 210537. Downloaded 103929 rows of data.

Starting requests for sensor 210571.
Making request 101 from 2023-04-01 to 2023-05-01
Making request 102 from 2023-05-01 to 2023-05-31
Making request 103 from 2023-05-31 to 2023-06-30
Making request 104 from 2023-06-30 to 2023-07-30
Making request 105 from 2023-07-30 to 2023-08-29
Making request 106 from 2023-08-29 to 2023-09-28
Making request 107 from 2023-09-28 to 2023-10-28
Making request 108 from 2023-10-28 to 2023-11-26
Making request 109 from 2023-11-26 to 2023-12-26
Making request 110 from 2023-12-26 to 2024-01-25
Making request 111 from 2024-01-25 to 2024-02-24
Making request 112 from 2024-02-24 to 2024-03-26
Making request 113 from 2024-03-26 to 2024-04-25
Making request 114 from 2024-04-25 to 2024-05-25
Making request 115 from 2024-05-25 to 2024-06-24
Making request 116 from 2024-06-24 to 2024-07-24
Making request 117 from 2024-07-24 to 2024-08-23
Making request 118 from 2024-08-23 to 2024-09-22
Making request 119 from 2024-09-22 to 2024-10-22
Making request 120 from 2024-10-22 to 2024-10-30
Data download completed for sensor 210571. Downloaded 144284 rows of data.

Starting requests for sensor 210549.
Making request 121 from 2023-04-01 to 2023-05-01
Making request 122 from 2023-05-01 to 2023-05-31
Making request 123 from 2023-05-31 to 2023-06-30
Making request 124 from 2023-06-30 to 2023-07-30
Making request 125 from 2023-07-30 to 2023-08-29
Making request 126 from 2023-08-29 to 2023-09-28
Making request 127 from 2023-09-28 to 2023-10-28
Making request 128 from 2023-10-28 to 2023-11-26
Making request 129 from 2023-11-26 to 2023-12-26
Making request 130 from 2023-12-26 to 2024-01-25
Making request 131 from 2024-01-25 to 2024-02-24
Making request 132 from 2024-02-24 to 2024-03-26
Making request 133 from 2024-03-26 to 2024-04-25
Making request 134 from 2024-04-25 to 2024-05-25
Making request 135 from 2024-05-25 to 2024-06-24
Making request 136 from 2024-06-24 to 2024-07-24
Making request 137 from 2024-07-24 to 2024-08-23
Making request 138 from 2024-08-23 to 2024-09-22
Making request 139 from 2024-09-22 to 2024-10-22
Making request 140 from 2024-10-22 to 2024-10-30
Data download completed for sensor 210549. Downloaded 148029 rows of data.

Starting requests for sensor 210539.
Making request 141 from 2023-04-01 to 2023-05-01
Making request 142 from 2023-05-01 to 2023-05-31
Making request 143 from 2023-05-31 to 2023-06-30
Making request 144 from 2023-06-30 to 2023-07-30
Making request 145 from 2023-07-30 to 2023-08-29
Making request 146 from 2023-08-29 to 2023-09-28
Making request 147 from 2023-09-28 to 2023-10-28
Making request 148 from 2023-10-28 to 2023-11-26
Making request 149 from 2023-11-26 to 2023-12-26
Making request 150 from 2023-12-26 to 2024-01-25
Making request 151 from 2024-01-25 to 2024-02-24
Making request 152 from 2024-02-24 to 2024-03-26
Making request 153 from 2024-03-26 to 2024-04-25
Making request 154 from 2024-04-25 to 2024-05-25
Making request 155 from 2024-05-25 to 2024-06-24
Making request 156 from 2024-06-24 to 2024-07-24
Making request 157 from 2024-07-24 to 2024-08-23
Making request 158 from 2024-08-23 to 2024-09-22
Making request 159 from 2024-09-22 to 2024-10-22
Making request 160 from 2024-10-22 to 2024-10-30
Data download completed for sensor 210539. Downloaded 113516 rows of data.

Starting requests for sensor 210551.
Making request 161 from 2023-04-01 to 2023-05-01
Making request 162 from 2023-05-01 to 2023-05-31
Making request 163 from 2023-05-31 to 2023-06-30
Making request 164 from 2023-06-30 to 2023-07-30
Making request 165 from 2023-07-30 to 2023-08-29
Making request 166 from 2023-08-29 to 2023-09-28
Making request 167 from 2023-09-28 to 2023-10-28
Making request 168 from 2023-10-28 to 2023-11-26
Making request 169 from 2023-11-26 to 2023-12-26
Making request 170 from 2023-12-26 to 2024-01-25
Making request 171 from 2024-01-25 to 2024-02-24
Making request 172 from 2024-02-24 to 2024-03-26
Making request 173 from 2024-03-26 to 2024-04-25
Making request 174 from 2024-04-25 to 2024-05-25
Making request 175 from 2024-05-25 to 2024-06-24
Making request 176 from 2024-06-24 to 2024-07-24
Making request 177 from 2024-07-24 to 2024-08-23
Making request 178 from 2024-08-23 to 2024-09-22
Making request 179 from 2024-09-22 to 2024-10-22
Making request 180 from 2024-10-22 to 2024-10-30
Data download completed for sensor 210551. Downloaded 141772 rows of data.

Starting requests for sensor 210535.
Making request 181 from 2023-04-01 to 2023-05-01
Making request 182 from 2023-05-01 to 2023-05-31
Making request 183 from 2023-05-31 to 2023-06-30
Making request 184 from 2023-06-30 to 2023-07-30
Making request 185 from 2023-07-30 to 2023-08-29
Making request 186 from 2023-08-29 to 2023-09-28
Making request 187 from 2023-09-28 to 2023-10-28
Making request 188 from 2023-10-28 to 2023-11-26
Making request 189 from 2023-11-26 to 2023-12-26
Making request 190 from 2023-12-26 to 2024-01-25
Making request 191 from 2024-01-25 to 2024-02-24
Making request 192 from 2024-02-24 to 2024-03-26
Making request 193 from 2024-03-26 to 2024-04-25
Making request 194 from 2024-04-25 to 2024-05-25
Making request 195 from 2024-05-25 to 2024-06-24
Making request 196 from 2024-06-24 to 2024-07-24
Making request 197 from 2024-07-24 to 2024-08-23
Making request 198 from 2024-08-23 to 2024-09-22
Making request 199 from 2024-09-22 to 2024-10-22
Making request 200 from 2024-10-22 to 2024-10-30
Data download completed for sensor 210535. Downloaded 38579 rows of data.


Download request has been completed. Scroll down for a summary:
--------------------------------------
